C:\USERS\PHILIP\DOCUMENTS\VISUAL STUDIO 2012\PROJECTS\GAMEENGINE\GAMEENGINE\DEBUG\GAME.OBJ
C:\USERS\PHILIP\DOCUMENTS\VISUAL STUDIO 2012\PROJECTS\GAMEENGINE\GAMEENGINE\DEBUG\WINMAIN.OBJ
C:\USERS\PHILIP\DOCUMENTS\VISUAL STUDIO 2012\PROJECTS\GAMEENGINE\GAMEENGINE\DEBUG\VC110.PDB
C:\USERS\PHILIP\DOCUMENTS\VISUAL STUDIO 2012\PROJECTS\GAMEENGINE\DEBUG\GAMEENGINE.ILK
C:\USERS\PHILIP\DOCUMENTS\VISUAL STUDIO 2012\PROJECTS\GAMEENGINE\DEBUG\GAMEENGINE.EXE
C:\USERS\PHILIP\DOCUMENTS\VISUAL STUDIO 2012\PROJECTS\GAMEENGINE\DEBUG\GAMEENGINE.PDB
c:\Users\Philip\documents\visual studio 2012\Projects\GameEngine\GameEngine\Debug\Game.obj
c:\Users\Philip\documents\visual studio 2012\Projects\GameEngine\GameEngine\Debug\WinMain.obj
c:\Users\Philip\documents\visual studio 2012\Projects\GameEngine\GameEngine\Debug\cl.command.1.tlog
c:\Users\Philip\documents\visual studio 2012\Projects\GameEngine\GameEngine\Debug\CL.read.1.tlog
c:\Users\Philip\documents\visual studio 2012\Projects\GameEngine\GameEngine\Debug\CL.write.1.tlog
c:\Users\Philip\documents\visual studio 2012\Projects\GameEngine\GameEngine\Debug\link-cvtres.read.1.tlog
c:\Users\Philip\documents\visual studio 2012\Projects\GameEngine\GameEngine\Debug\link-cvtres.write.1.tlog
c:\Users\Philip\documents\visual studio 2012\Projects\GameEngine\GameEngine\Debug\link-rc.read.1.tlog
c:\Users\Philip\documents\visual studio 2012\Projects\GameEngine\GameEngine\Debug\link-rc.write.1.tlog
c:\Users\Philip\documents\visual studio 2012\Projects\GameEngine\GameEngine\Debug\link.command.1.tlog
c:\Users\Philip\documents\visual studio 2012\Projects\GameEngine\GameEngine\Debug\link.read.1.tlog
c:\Users\Philip\documents\visual studio 2012\Projects\GameEngine\GameEngine\Debug\link.write.1.tlog
c:\Users\Philip\documents\visual studio 2012\Projects\GameEngine\GameEngine\Debug\vc110.idb
c:\Users\Philip\documents\visual studio 2012\Projects\GameEngine\GameEngine\Debug\vc110.pdb
c:\users\philip\documents\visual studio 2012\Projects\GameEngine\Debug\GameEngine.pdb
c:\users\philip\documents\visual studio 2012\Projects\GameEngine\Debug\GameEngine.exe
c:\users\philip\documents\visual studio 2012\Projects\GameEngine\Debug\GameEngine.ilk
